


ARM Macro Assembler    Page 1 


    1 00000000         
    2 00000000         
    3 00000000 E000ED04 
                       NVIC_INT_CTRL
                               EQU              0xE000ED04
    4 00000000 10000000 
                       NVIC_PENDSVSET
                               EQU              0x10000000
    5 00000000         
    6 00000000         
    7 00000000                 EXTERN           TaskHighRdySp
    8 00000000                 EXTERN           OSGetHighRdy
    9 00000000                 EXTERN           CurTask
   10 00000000         
   11 00000000                 EXPORT           OS_CPU_SR_Restore
   12 00000000                 EXPORT           OS_CPU_SR_Save
   13 00000000                 EXPORT           OSPendSV
   14 00000000                 EXPORT           OSCtxSw
   15 00000000                 EXPORT           OSInitReg
   16 00000000         
   17 00000000                 AREA             AsmTest,    CODE,   READONLY
   18 00000000                 THUMB
   19 00000000                 PRESERVE8
   20 00000000                 EXPORT           OSCtxSw
   21 00000000         
   22 00000000         OS_CPU_SR_Save
   23 00000000 F3EF 8010       MRS              R0, PRIMASK
   24 00000004 B672            CPSID            I           ;关中断
   25 00000006 4770            BX               LR
   26 00000008         
   27 00000008         OS_CPU_SR_Restore
   28 00000008 F380 8810       MSR              PRIMASK, R0
   29 0000000C 4770            BX               LR
   30 0000000E         
   31 0000000E         
   32 0000000E         OSInitReg
   33 0000000E 2000            MOVS             R0, #0
   34 00000010 F380 8809       MSR              PSP, R0
   35 00000014 4770            BX               LR
   36 00000016         
   37 00000016         
   38 00000016         OSCtxSw
   39 00000016 480F            LDR              R0, =NVIC_INT_CTRL
   40 00000018 F04F 5180       LDR              R1, =NVIC_PENDSVSET
   41 0000001C 6001            STR              R1, [R0]
   42 0000001E 4770            BX               LR
   43 00000020         
   44 00000020         OSPendSV
   45 00000020 F3EF 8009       MRS              R0, PSP
   46 00000024 B128            CBZ              R0, OSPendSV_first
   47 00000026 F3EF 8008       MRS              R0, MSP
   48 0000002A F8DF 1020       LDR.W            R1, __OS_TCBHighRdySp
   49 0000002E 680A            LDR              R2, [R1]
   50 00000030 6010            STR              R0, [R2]
   51 00000032         
   52 00000032         OSPendSV_first
   53 00000032 B500            PUSH             {R14}
   54 00000034 4806            LDR              R0, __OS_GetHighRdy
   55 00000036 4780            BLX              R0



ARM Macro Assembler    Page 2 


   56 00000038 F85D EB04       POP              {R14}
   57 0000003C 4903            LDR              R1, __OS_TCBHighRdySp
   58 0000003E 680A            LDR              R2, [R1]
   59 00000040 6810            LDR              R0, [R2]
   60 00000042 F380 8809       MSR              PSP, R0
   61 00000046 F380 8808       MSR              MSP, R0
   62 0000004A 4770            BX               LR
   63 0000004C         
   64 0000004C         
   65 0000004C         
   66 0000004C         __OS_TCBHighRdySp
   67 0000004C 00000000        DCD              TaskHighRdySp
   68 00000050         __OS_GetHighRdy
   69 00000050 00000000        DCD              OSGetHighRdy
   70 00000054                 END
              E000ED04 
Command Line: --debug --xref --diag_suppress=9931 --cpu=Cortex-M3 --apcs=interw
ork --depend=..\output\os_core_a.d -o..\output\os_core_a.o -IC:\Users\JSJ\Deskt
op\stm32f10x标准例程\stm32f10x（基本功能版本）\Project\RTE -IC:\Keil_v5\ARM\PAC
K\ARM\CMSIS\4.3.0\CMSIS\Include -IC:\Keil_v5\ARM\PACK\Keil\STM32F1xx_DFP\1.1.0\
Device\Include --predefine="__UVISION_VERSION SETA 515" --predefine="_RTE_ SETA
 1" --predefine="STM32F10X_MD SETA 1" --list=.\os_core_a.lst ..\os\OS_Core_a.as
m



ARM Macro Assembler    Page 1 Alphabetic symbol ordering
Relocatable symbols

AsmTest 00000000

Symbol: AsmTest
   Definitions
      At line 17 in file ..\os\OS_Core_a.asm
   Uses
      None
Comment: AsmTest unused
OSCtxSw 00000016

Symbol: OSCtxSw
   Definitions
      At line 38 in file ..\os\OS_Core_a.asm
   Uses
      At line 14 in file ..\os\OS_Core_a.asm
      At line 20 in file ..\os\OS_Core_a.asm

OSInitReg 0000000E

Symbol: OSInitReg
   Definitions
      At line 32 in file ..\os\OS_Core_a.asm
   Uses
      At line 15 in file ..\os\OS_Core_a.asm
Comment: OSInitReg used once
OSPendSV 00000020

Symbol: OSPendSV
   Definitions
      At line 44 in file ..\os\OS_Core_a.asm
   Uses
      At line 13 in file ..\os\OS_Core_a.asm
Comment: OSPendSV used once
OSPendSV_first 00000032

Symbol: OSPendSV_first
   Definitions
      At line 52 in file ..\os\OS_Core_a.asm
   Uses
      At line 46 in file ..\os\OS_Core_a.asm
Comment: OSPendSV_first used once
OS_CPU_SR_Restore 00000008

Symbol: OS_CPU_SR_Restore
   Definitions
      At line 27 in file ..\os\OS_Core_a.asm
   Uses
      At line 11 in file ..\os\OS_Core_a.asm
Comment: OS_CPU_SR_Restore used once
OS_CPU_SR_Save 00000000

Symbol: OS_CPU_SR_Save
   Definitions
      At line 22 in file ..\os\OS_Core_a.asm
   Uses
      At line 12 in file ..\os\OS_Core_a.asm
Comment: OS_CPU_SR_Save used once
__OS_GetHighRdy 00000050




ARM Macro Assembler    Page 2 Alphabetic symbol ordering
Relocatable symbols

Symbol: __OS_GetHighRdy
   Definitions
      At line 68 in file ..\os\OS_Core_a.asm
   Uses
      At line 54 in file ..\os\OS_Core_a.asm
Comment: __OS_GetHighRdy used once
__OS_TCBHighRdySp 0000004C

Symbol: __OS_TCBHighRdySp
   Definitions
      At line 66 in file ..\os\OS_Core_a.asm
   Uses
      At line 48 in file ..\os\OS_Core_a.asm
      At line 57 in file ..\os\OS_Core_a.asm

9 symbols



ARM Macro Assembler    Page 1 Alphabetic symbol ordering
Absolute symbols

NVIC_INT_CTRL E000ED04

Symbol: NVIC_INT_CTRL
   Definitions
      At line 3 in file ..\os\OS_Core_a.asm
   Uses
      At line 39 in file ..\os\OS_Core_a.asm
Comment: NVIC_INT_CTRL used once
NVIC_PENDSVSET 10000000

Symbol: NVIC_PENDSVSET
   Definitions
      At line 4 in file ..\os\OS_Core_a.asm
   Uses
      At line 40 in file ..\os\OS_Core_a.asm
Comment: NVIC_PENDSVSET used once
2 symbols



ARM Macro Assembler    Page 1 Alphabetic symbol ordering
External symbols

CurTask 00000000

Symbol: CurTask
   Definitions
      At line 9 in file ..\os\OS_Core_a.asm
   Uses
      None
Comment: CurTask unused
OSGetHighRdy 00000000

Symbol: OSGetHighRdy
   Definitions
      At line 8 in file ..\os\OS_Core_a.asm
   Uses
      At line 69 in file ..\os\OS_Core_a.asm
Comment: OSGetHighRdy used once
TaskHighRdySp 00000000

Symbol: TaskHighRdySp
   Definitions
      At line 7 in file ..\os\OS_Core_a.asm
   Uses
      At line 67 in file ..\os\OS_Core_a.asm
Comment: TaskHighRdySp used once
3 symbols
349 symbols in table
